TN:
SF:/home/ubuntu/wesolar_dev/contracts/core/SolarPanelRegistry.sol
FN:45,onlyOracle
FN:50,constructor
FN:61,registerPanel
FN:79,assignShares
FN:98,updateEnergyProduction
FN:107,getUnclaimedCredits
FN:119,claimEnergyCredits
FN:131,setEnergyOracle
FN:135,_totalSharesAssigned
FN:142,getPanelOwners
FNF:10
FNH:10
FNDA:9,onlyOracle
FNDA:23,constructor
FNDA:18,registerPanel
FNDA:14,assignShares
FNDA:8,updateEnergyProduction
FNDA:9,getUnclaimedCredits
FNDA:5,claimEnergyCredits
FNDA:1,setEnergyOracle
FNDA:13,_totalSharesAssigned
FNDA:1,getPanelOwners
DA:46,9
DA:47,8
DA:51,23
DA:62,18
DA:63,18
DA:73,18
DA:80,14
DA:81,14
DA:83,13
DA:84,13
DA:86,12
DA:87,12
DA:89,12
DA:90,12
DA:92,12
DA:99,8
DA:100,8
DA:101,8
DA:108,9
DA:109,9
DA:110,9
DA:112,8
DA:113,8
DA:120,5
DA:121,5
DA:123,4
DA:124,4
DA:132,1
DA:136,13
DA:137,13
DA:138,3
DA:143,1
LF:32
LH:32
BRDA:46,1,0,8
BRDA:46,1,1,1
BRDA:61,2,0,18
BRDA:61,2,1,1
BRDA:79,3,0,14
BRDA:79,3,1,1
BRDA:81,4,0,13
BRDA:81,4,1,1
BRDA:84,5,0,12
BRDA:84,5,1,1
BRDA:86,6,0,12
BRDA:86,6,1,0
BRDA:98,7,0,8
BRDA:98,7,1,1
BRDA:99,8,0,8
BRDA:99,8,1,0
BRDA:110,9,0,1
BRDA:110,9,1,8
BRDA:110,10,0,1
BRDA:110,10,1,0
BRDA:119,11,0,5
BRDA:119,11,1,0
BRDA:121,12,0,4
BRDA:121,12,1,1
BRDA:131,13,0,1
BRDA:131,13,1,1
BRF:26
BRH:22
end_of_record
TN:
SF:/home/ubuntu/wesolar_dev/contracts/core/WeSolarDAO.sol
FN:45,constructor
FN:49,votingDelay
FN:53,votingPeriod
FN:57,quorum
FN:66,state
FN:75,proposalNeedsQueuing
FN:84,proposalThreshold
FN:93,_queueOperations
FN:103,_executeOperations
FN:113,_cancel
FN:122,_executor
FNF:11
FNH:6
FNDA:13,constructor
FNDA:8,votingDelay
FNDA:8,votingPeriod
FNDA:2,quorum
FNDA:11,state
FNDA:0,proposalNeedsQueuing
FNDA:9,proposalThreshold
FNDA:0,_queueOperations
FNDA:0,_executeOperations
FNDA:0,_cancel
FNDA:0,_executor
DA:50,8
DA:54,8
DA:63,2
DA:72,11
DA:81,0
DA:90,9
DA:100,0
DA:110,0
DA:119,0
DA:128,0
LF:10
LH:5
BRF:0
BRH:0
end_of_record
TN:
SF:/home/ubuntu/wesolar_dev/contracts/core/WeSolarFinancing.sol
FN:73,constructor
FN:88,calculateMonthlyPayment
FN:127,requestLoan
FN:163,fundLoan
FN:187,makePayment
FN:218,markDefault
FN:227,getTotalOwed
FN:234,getRemainingBalance
FN:243,getBorrowerLoans
FN:250,getLenderLoans
FN:261,_totalOwed
FNF:11
FNH:11
FNDA:36,constructor
FNDA:29,calculateMonthlyPayment
FNDA:25,requestLoan
FNDA:19,fundLoan
FNDA:32,makePayment
FNDA:2,markDefault
FNDA:3,getTotalOwed
FNDA:3,getRemainingBalance
FNDA:1,getBorrowerLoans
FNDA:1,getLenderLoans
FNDA:35,_totalOwed
DA:74,36
DA:75,35
DA:93,29
DA:94,28
DA:97,27
DA:98,2
DA:102,25
DA:105,25
DA:106,25
DA:107,25
DA:113,25
DA:114,25
DA:117,25
DA:133,25
DA:134,24
DA:135,22
DA:137,21
DA:139,21
DA:140,21
DA:154,21
DA:155,21
DA:164,19
DA:165,19
DA:166,18
DA:167,18
DA:169,17
DA:170,17
DA:171,17
DA:172,17
DA:175,17
DA:177,17
DA:188,32
DA:189,32
DA:190,31
DA:191,30
DA:193,29
DA:194,29
DA:197,29
DA:198,29
DA:200,29
DA:203,29
DA:205,29
DA:206,29
DA:208,29
DA:209,3
DA:210,3
DA:219,2
DA:220,1
DA:221,1
DA:228,3
DA:235,3
DA:236,3
DA:237,3
DA:244,1
DA:251,1
DA:262,35
LF:56
LH:56
BRDA:74,1,0,35
BRDA:74,1,1,1
BRDA:93,2,0,28
BRDA:93,2,1,1
BRDA:94,3,0,27
BRDA:94,3,1,1
BRDA:97,4,0,2
BRDA:97,4,1,25
BRDA:133,5,0,24
BRDA:133,5,1,1
BRDA:134,6,0,22
BRDA:134,6,1,2
BRDA:135,7,0,21
BRDA:135,7,1,1
BRDA:163,8,0,19
BRDA:163,8,1,0
BRDA:165,9,0,18
BRDA:165,9,1,1
BRDA:166,10,0,18
BRDA:166,10,1,0
BRDA:167,11,0,17
BRDA:167,11,1,1
BRDA:187,12,0,32
BRDA:187,12,1,0
BRDA:189,13,0,31
BRDA:189,13,1,1
BRDA:190,14,0,30
BRDA:190,14,1,1
BRDA:191,15,0,29
BRDA:191,15,1,1
BRDA:194,16,0,29
BRDA:194,16,1,0
BRDA:197,17,0,1
BRDA:197,17,1,28
BRDA:198,18,0,29
BRDA:198,18,1,0
BRDA:205,19,0,26
BRDA:205,19,1,3
BRDA:208,20,0,3
BRDA:208,20,1,26
BRDA:218,21,0,2
BRDA:218,21,1,1
BRDA:219,22,0,1
BRDA:219,22,1,1
BRDA:237,23,0,3
BRDA:237,23,1,0
BRF:46
BRH:40
end_of_record
TN:
SF:/home/ubuntu/wesolar_dev/contracts/core/WeSolarToken.sol
FN:27,constructor
FN:38,mint
FN:45,_update
FN:52,nonces
FNF:4
FNH:3
FNDA:27,constructor
FNDA:3,mint
FNDA:72,_update
FNDA:0,nonces
DA:30,27
DA:39,3
DA:40,2
DA:41,2
DA:49,72
DA:58,0
LF:6
LH:5
BRDA:38,1,0,3
BRDA:38,1,1,1
BRDA:39,2,0,2
BRDA:39,2,1,1
BRF:4
BRH:4
end_of_record
TN:
SF:/home/ubuntu/wesolar_dev/contracts/mocks/MockCUSD.sol
FN:12,constructor
FN:15,mint
FNF:2
FNH:2
FNDA:35,constructor
FNDA:71,mint
DA:16,71
LF:1
LH:1
BRF:0
BRH:0
end_of_record
